{"/Users/david/code/travel-n-move/travel-n-move-express/app.js": {"path":"/Users/david/code/travel-n-move/travel-n-move-express/app.js","statementMap":{"0":{"start":{"line":1,"column":16},"end":{"line":1,"column":34}},"1":{"start":{"line":2,"column":12},"end":{"line":2,"column":21}},"2":{"start":{"line":4,"column":0},"end":{"line":4,"column":49}},"3":{"start":{"line":5,"column":0},"end":{"line":5,"column":24}},"4":{"start":{"line":7,"column":0},"end":{"line":7,"column":29}},"5":{"start":{"line":9,"column":0},"end":{"line":9,"column":34}},"6":{"start":{"line":11,"column":0},"end":{"line":11,"column":58}},"7":{"start":{"line":13,"column":0},"end":{"line":13,"column":21}}},"fnMap":{},"branchMap":{},"s":{"0":1,"1":1,"2":1,"3":1,"4":1,"5":1,"6":1,"7":1},"f":{},"b":{},"_coverageSchema":"332fd63041d2c1bcb487cc26dd0d5f7d97098a6c","hash":"3376eb80166cbcb4d2da17c8bd97442939d7d8ad"}
,"/Users/david/code/travel-n-move/travel-n-move-express/controllers/tour_controller.js": {"path":"/Users/david/code/travel-n-move/travel-n-move-express/controllers/tour_controller.js","statementMap":{"0":{"start":{"line":1,"column":18},"end":{"line":1,"column":58}},"1":{"start":{"line":5,"column":57},"end":{"line":5,"column":65}},"2":{"start":{"line":6,"column":2},"end":{"line":20,"column":3}},"3":{"start":{"line":7,"column":17},"end":{"line":13,"column":6}},"4":{"start":{"line":14,"column":4},"end":{"line":16,"column":5}},"5":{"start":{"line":15,"column":6},"end":{"line":15,"column":63}},"6":{"start":{"line":17,"column":4},"end":{"line":17,"column":42}},"7":{"start":{"line":19,"column":4},"end":{"line":19,"column":49}},"8":{"start":{"line":25,"column":2},"end":{"line":30,"column":3}},"9":{"start":{"line":26,"column":18},"end":{"line":26,"column":40}},"10":{"start":{"line":27,"column":4},"end":{"line":27,"column":31}},"11":{"start":{"line":29,"column":4},"end":{"line":29,"column":49}},"12":{"start":{"line":35,"column":17},"end":{"line":35,"column":27}},"13":{"start":{"line":36,"column":2},"end":{"line":44,"column":3}},"14":{"start":{"line":37,"column":17},"end":{"line":37,"column":54}},"15":{"start":{"line":38,"column":4},"end":{"line":40,"column":5}},"16":{"start":{"line":39,"column":6},"end":{"line":39,"column":59}},"17":{"start":{"line":41,"column":4},"end":{"line":41,"column":34}},"18":{"start":{"line":43,"column":4},"end":{"line":43,"column":49}},"19":{"start":{"line":49,"column":17},"end":{"line":49,"column":27}},"20":{"start":{"line":50,"column":2},"end":{"line":58,"column":3}},"21":{"start":{"line":51,"column":17},"end":{"line":51,"column":45}},"22":{"start":{"line":52,"column":4},"end":{"line":54,"column":5}},"23":{"start":{"line":53,"column":6},"end":{"line":53,"column":59}},"24":{"start":{"line":55,"column":4},"end":{"line":55,"column":30}},"25":{"start":{"line":57,"column":4},"end":{"line":57,"column":49}},"26":{"start":{"line":63,"column":57},"end":{"line":63,"column":65}},"27":{"start":{"line":64,"column":17},"end":{"line":64,"column":27}},"28":{"start":{"line":66,"column":2},"end":{"line":84,"column":3}},"29":{"start":{"line":67,"column":15},"end":{"line":73,"column":6}},"30":{"start":{"line":74,"column":4},"end":{"line":76,"column":5}},"31":{"start":{"line":75,"column":6},"end":{"line":75,"column":59}},"32":{"start":{"line":77,"column":4},"end":{"line":77,"column":40}},"33":{"start":{"line":78,"column":4},"end":{"line":80,"column":5}},"34":{"start":{"line":79,"column":6},"end":{"line":79,"column":69}},"35":{"start":{"line":81,"column":4},"end":{"line":81,"column":30}},"36":{"start":{"line":83,"column":4},"end":{"line":83,"column":49}},"37":{"start":{"line":87,"column":0},"end":{"line":93,"column":2}}},"fnMap":{"0":{"name":"create","decl":{"start":{"line":3,"column":15},"end":{"line":3,"column":21}},"loc":{"start":{"line":3,"column":38},"end":{"line":21,"column":1}},"line":3},"1":{"name":"index","decl":{"start":{"line":23,"column":15},"end":{"line":23,"column":20}},"loc":{"start":{"line":23,"column":37},"end":{"line":31,"column":1}},"line":23},"2":{"name":"destroy","decl":{"start":{"line":33,"column":15},"end":{"line":33,"column":22}},"loc":{"start":{"line":33,"column":39},"end":{"line":45,"column":1}},"line":33},"3":{"name":"show","decl":{"start":{"line":47,"column":15},"end":{"line":47,"column":19}},"loc":{"start":{"line":47,"column":36},"end":{"line":59,"column":1}},"line":47},"4":{"name":"update","decl":{"start":{"line":61,"column":15},"end":{"line":61,"column":21}},"loc":{"start":{"line":61,"column":38},"end":{"line":85,"column":1}},"line":61}},"branchMap":{"0":{"loc":{"start":{"line":14,"column":4},"end":{"line":16,"column":5}},"type":"if","locations":[{"start":{"line":14,"column":4},"end":{"line":16,"column":5}},{"start":{"line":14,"column":4},"end":{"line":16,"column":5}}],"line":14},"1":{"loc":{"start":{"line":38,"column":4},"end":{"line":40,"column":5}},"type":"if","locations":[{"start":{"line":38,"column":4},"end":{"line":40,"column":5}},{"start":{"line":38,"column":4},"end":{"line":40,"column":5}}],"line":38},"2":{"loc":{"start":{"line":52,"column":4},"end":{"line":54,"column":5}},"type":"if","locations":[{"start":{"line":52,"column":4},"end":{"line":54,"column":5}},{"start":{"line":52,"column":4},"end":{"line":54,"column":5}}],"line":52},"3":{"loc":{"start":{"line":74,"column":4},"end":{"line":76,"column":5}},"type":"if","locations":[{"start":{"line":74,"column":4},"end":{"line":76,"column":5}},{"start":{"line":74,"column":4},"end":{"line":76,"column":5}}],"line":74},"4":{"loc":{"start":{"line":78,"column":4},"end":{"line":80,"column":5}},"type":"if","locations":[{"start":{"line":78,"column":4},"end":{"line":80,"column":5}},{"start":{"line":78,"column":4},"end":{"line":80,"column":5}}],"line":78}},"s":{"0":1,"1":1,"2":1,"3":1,"4":1,"5":0,"6":1,"7":0,"8":1,"9":1,"10":1,"11":0,"12":3,"13":3,"14":3,"15":2,"16":1,"17":1,"18":1,"19":3,"20":3,"21":3,"22":2,"23":1,"24":1,"25":1,"26":3,"27":3,"28":3,"29":3,"30":2,"31":1,"32":1,"33":1,"34":0,"35":1,"36":1,"37":1},"f":{"0":1,"1":1,"2":3,"3":3,"4":3},"b":{"0":[0,1],"1":[1,1],"2":[1,1],"3":[1,1],"4":[0,1]},"_coverageSchema":"332fd63041d2c1bcb487cc26dd0d5f7d97098a6c","hash":"9a247faaba285153cf4d1a89e78f0ab622912572"}
,"/Users/david/code/travel-n-move/travel-n-move-express/database/connect.js": {"path":"/Users/david/code/travel-n-move/travel-n-move-express/database/connect.js","statementMap":{"0":{"start":{"line":1,"column":0},"end":{"line":1,"column":27}},"1":{"start":{"line":2,"column":17},"end":{"line":2,"column":36}},"2":{"start":{"line":4,"column":0},"end":{"line":4,"column":77}},"3":{"start":{"line":6,"column":0},"end":{"line":9,"column":2}},"4":{"start":{"line":10,"column":0},"end":{"line":10,"column":34}},"5":{"start":{"line":11,"column":0},"end":{"line":11,"column":45}},"6":{"start":{"line":13,"column":0},"end":{"line":13,"column":26}}},"fnMap":{},"branchMap":{},"s":{"0":1,"1":1,"2":1,"3":1,"4":1,"5":1,"6":1},"f":{},"b":{},"_coverageSchema":"332fd63041d2c1bcb487cc26dd0d5f7d97098a6c","hash":"7b033498ee6df99e0f7fd09f8e5443c5275de079"}
,"/Users/david/code/travel-n-move/travel-n-move-express/database/models/tour_model.js": {"path":"/Users/david/code/travel-n-move/travel-n-move-express/database/models/tour_model.js","statementMap":{"0":{"start":{"line":1,"column":17},"end":{"line":1,"column":36}},"1":{"start":{"line":2,"column":19},"end":{"line":2,"column":54}},"2":{"start":{"line":4,"column":18},"end":{"line":4,"column":52}},"3":{"start":{"line":6,"column":0},"end":{"line":6,"column":27}}},"fnMap":{},"branchMap":{},"s":{"0":1,"1":1,"2":1,"3":1},"f":{},"b":{},"_coverageSchema":"332fd63041d2c1bcb487cc26dd0d5f7d97098a6c","hash":"d90a3dc60427b8f1dda1e6f9b561275f0cd212e8"}
,"/Users/david/code/travel-n-move/travel-n-move-express/database/schemas/tour_schema.js": {"path":"/Users/david/code/travel-n-move/travel-n-move-express/database/schemas/tour_schema.js","statementMap":{"0":{"start":{"line":1,"column":19},"end":{"line":1,"column":38}},"1":{"start":{"line":3,"column":19},"end":{"line":24,"column":2}},"2":{"start":{"line":26,"column":0},"end":{"line":26,"column":28}}},"fnMap":{},"branchMap":{},"s":{"0":1,"1":1,"2":1},"f":{},"b":{},"_coverageSchema":"332fd63041d2c1bcb487cc26dd0d5f7d97098a6c","hash":"c6f8e4901006469c8ea5f43d9b052b459a160cc1"}
,"/Users/david/code/travel-n-move/travel-n-move-express/errors/HTTPError.js": {"path":"/Users/david/code/travel-n-move/travel-n-move-express/errors/HTTPError.js","statementMap":{"0":{"start":{"line":3,"column":4},"end":{"line":3,"column":19}},"1":{"start":{"line":5,"column":4},"end":{"line":7,"column":5}},"2":{"start":{"line":6,"column":6},"end":{"line":6,"column":47}},"3":{"start":{"line":8,"column":4},"end":{"line":8,"column":28}},"4":{"start":{"line":9,"column":4},"end":{"line":9,"column":33}},"5":{"start":{"line":13,"column":0},"end":{"line":13,"column":27}}},"fnMap":{"0":{"name":"(anonymous_0)","decl":{"start":{"line":2,"column":2},"end":{"line":2,"column":3}},"loc":{"start":{"line":2,"column":35},"end":{"line":10,"column":3}},"line":2}},"branchMap":{"0":{"loc":{"start":{"line":5,"column":4},"end":{"line":7,"column":5}},"type":"if","locations":[{"start":{"line":5,"column":4},"end":{"line":7,"column":5}},{"start":{"line":5,"column":4},"end":{"line":7,"column":5}}],"line":5}},"s":{"0":6,"1":6,"2":6,"3":6,"4":6,"5":1},"f":{"0":6},"b":{"0":[6,0]},"_coverageSchema":"332fd63041d2c1bcb487cc26dd0d5f7d97098a6c","hash":"c79be39231199279468552822f6e9c7edec2531b"}
,"/Users/david/code/travel-n-move/travel-n-move-express/middleware/error_handler_middleware.js": {"path":"/Users/david/code/travel-n-move/travel-n-move-express/middleware/error_handler_middleware.js","statementMap":{"0":{"start":{"line":1,"column":24},"end":{"line":1,"column":44}},"1":{"start":{"line":3,"column":0},"end":{"line":22,"column":2}},"2":{"start":{"line":4,"column":2},"end":{"line":6,"column":3}},"3":{"start":{"line":5,"column":4},"end":{"line":5,"column":56}},"4":{"start":{"line":8,"column":2},"end":{"line":19,"column":3}},"5":{"start":{"line":9,"column":19},"end":{"line":9,"column":21}},"6":{"start":{"line":10,"column":4},"end":{"line":13,"column":7}},"7":{"start":{"line":11,"column":20},"end":{"line":11,"column":56}},"8":{"start":{"line":12,"column":6},"end":{"line":12,"column":37}},"9":{"start":{"line":14,"column":21},"end":{"line":17,"column":5}},"10":{"start":{"line":18,"column":4},"end":{"line":18,"column":42}},"11":{"start":{"line":21,"column":2},"end":{"line":21,"column":19}}},"fnMap":{"0":{"name":"(anonymous_0)","decl":{"start":{"line":3,"column":17},"end":{"line":3,"column":18}},"loc":{"start":{"line":3,"column":47},"end":{"line":22,"column":1}},"line":3},"1":{"name":"(anonymous_1)","decl":{"start":{"line":10,"column":24},"end":{"line":10,"column":25}},"loc":{"start":{"line":10,"column":34},"end":{"line":13,"column":5}},"line":10}},"branchMap":{"0":{"loc":{"start":{"line":4,"column":2},"end":{"line":6,"column":3}},"type":"if","locations":[{"start":{"line":4,"column":2},"end":{"line":6,"column":3}},{"start":{"line":4,"column":2},"end":{"line":6,"column":3}}],"line":4},"1":{"loc":{"start":{"line":4,"column":6},"end":{"line":4,"column":37}},"type":"binary-expr","locations":[{"start":{"line":4,"column":6},"end":{"line":4,"column":9}},{"start":{"line":4,"column":13},"end":{"line":4,"column":37}}],"line":4},"2":{"loc":{"start":{"line":8,"column":2},"end":{"line":19,"column":3}},"type":"if","locations":[{"start":{"line":8,"column":2},"end":{"line":19,"column":3}},{"start":{"line":8,"column":2},"end":{"line":19,"column":3}}],"line":8}},"s":{"0":1,"1":1,"2":8,"3":6,"4":2,"5":2,"6":2,"7":2,"8":2,"9":2,"10":2,"11":0},"f":{"0":8,"1":2},"b":{"0":[6,2],"1":[8,8],"2":[2,0]},"_coverageSchema":"332fd63041d2c1bcb487cc26dd0d5f7d97098a6c","hash":"537b08e09ef72314b16ad50edd84f060382df25e"}
,"/Users/david/code/travel-n-move/travel-n-move-express/middleware/validation/tour_validation_middleware.js": {"path":"/Users/david/code/travel-n-move/travel-n-move-express/middleware/validation/tour_validation_middleware.js","statementMap":{"0":{"start":{"line":1,"column":27},"end":{"line":1,"column":47}},"1":{"start":{"line":3,"column":0},"end":{"line":15,"column":2}},"2":{"start":{"line":4,"column":2},"end":{"line":14,"column":5}}},"fnMap":{"0":{"name":"validateTour","decl":{"start":{"line":3,"column":26},"end":{"line":3,"column":38}},"loc":{"start":{"line":3,"column":55},"end":{"line":15,"column":1}},"line":3}},"branchMap":{},"s":{"0":1,"1":1,"2":3},"f":{"0":3},"b":{},"_coverageSchema":"332fd63041d2c1bcb487cc26dd0d5f7d97098a6c","hash":"e19a8eddc7dbb29c8f2dbb4370d5d22411dcb045"}
,"/Users/david/code/travel-n-move/travel-n-move-express/routes/index.js": {"path":"/Users/david/code/travel-n-move/travel-n-move-express/routes/index.js","statementMap":{"0":{"start":{"line":1,"column":16},"end":{"line":1,"column":34}},"1":{"start":{"line":2,"column":15},"end":{"line":2,"column":31}},"2":{"start":{"line":3,"column":19},"end":{"line":3,"column":43}},"3":{"start":{"line":5,"column":0},"end":{"line":5,"column":51}},"4":{"start":{"line":5,"column":30},"end":{"line":5,"column":49}},"5":{"start":{"line":7,"column":0},"end":{"line":7,"column":33}},"6":{"start":{"line":9,"column":0},"end":{"line":9,"column":24}}},"fnMap":{"0":{"name":"(anonymous_0)","decl":{"start":{"line":5,"column":16},"end":{"line":5,"column":17}},"loc":{"start":{"line":5,"column":30},"end":{"line":5,"column":49}},"line":5}},"branchMap":{},"s":{"0":1,"1":1,"2":1,"3":1,"4":0,"5":1,"6":1},"f":{"0":0},"b":{},"_coverageSchema":"332fd63041d2c1bcb487cc26dd0d5f7d97098a6c","hash":"a6354e783b3c030ff4146cc896f3c9b62a10acaf"}
,"/Users/david/code/travel-n-move/travel-n-move-express/routes/tour_routes.js": {"path":"/Users/david/code/travel-n-move/travel-n-move-express/routes/tour_routes.js","statementMap":{"0":{"start":{"line":1,"column":16},"end":{"line":1,"column":34}},"1":{"start":{"line":2,"column":15},"end":{"line":2,"column":31}},"2":{"start":{"line":3,"column":21},"end":{"line":3,"column":85}},"3":{"start":{"line":4,"column":23},"end":{"line":4,"column":64}},"4":{"start":{"line":6,"column":0},"end":{"line":6,"column":38}},"5":{"start":{"line":8,"column":0},"end":{"line":8,"column":56}},"6":{"start":{"line":10,"column":0},"end":{"line":10,"column":40}},"7":{"start":{"line":12,"column":0},"end":{"line":12,"column":58}},"8":{"start":{"line":13,"column":0},"end":{"line":13,"column":60}},"9":{"start":{"line":15,"column":0},"end":{"line":15,"column":46}},"10":{"start":{"line":17,"column":0},"end":{"line":17,"column":24}}},"fnMap":{},"branchMap":{},"s":{"0":1,"1":1,"2":1,"3":1,"4":1,"5":1,"6":1,"7":1,"8":1,"9":1,"10":1},"f":{},"b":{},"_coverageSchema":"332fd63041d2c1bcb487cc26dd0d5f7d97098a6c","hash":"c0b2d25d97890e9f29e1edd2690e12bc8e1c8361"}
}
