TN:
SF:/Users/david/code/travel-n-move/travel-n-move-express/app.js
FNF:0
FNH:0
DA:1,1
DA:2,1
DA:4,1
DA:5,1
DA:7,1
DA:9,1
DA:11,1
DA:13,1
LF:8
LH:8
BRF:0
BRH:0
end_of_record
TN:
SF:/Users/david/code/travel-n-move/travel-n-move-express/controllers/tour_controller.js
FN:3,create
FN:23,index
FN:33,destroy
FN:47,show
FN:61,update
FNF:5
FNH:5
FNDA:1,create
FNDA:1,index
FNDA:3,destroy
FNDA:3,show
FNDA:3,update
DA:1,1
DA:5,1
DA:6,1
DA:7,1
DA:14,1
DA:15,0
DA:17,1
DA:19,0
DA:25,1
DA:26,1
DA:27,1
DA:29,0
DA:35,3
DA:36,3
DA:37,3
DA:38,2
DA:39,1
DA:41,1
DA:43,1
DA:49,3
DA:50,3
DA:51,3
DA:52,2
DA:53,1
DA:55,1
DA:57,1
DA:63,3
DA:64,3
DA:66,3
DA:67,3
DA:74,2
DA:75,1
DA:77,1
DA:78,1
DA:79,0
DA:81,1
DA:83,1
DA:87,1
LF:38
LH:34
BRDA:14,0,0,0
BRDA:14,0,1,1
BRDA:38,1,0,1
BRDA:38,1,1,1
BRDA:52,2,0,1
BRDA:52,2,1,1
BRDA:74,3,0,1
BRDA:74,3,1,1
BRDA:78,4,0,0
BRDA:78,4,1,1
BRF:10
BRH:8
end_of_record
TN:
SF:/Users/david/code/travel-n-move/travel-n-move-express/database/connect.js
FNF:0
FNH:0
DA:1,1
DA:2,1
DA:4,1
DA:6,1
DA:10,1
DA:11,1
DA:13,1
LF:7
LH:7
BRF:0
BRH:0
end_of_record
TN:
SF:/Users/david/code/travel-n-move/travel-n-move-express/database/models/tour_model.js
FNF:0
FNH:0
DA:1,1
DA:2,1
DA:4,1
DA:6,1
LF:4
LH:4
BRF:0
BRH:0
end_of_record
TN:
SF:/Users/david/code/travel-n-move/travel-n-move-express/database/schemas/tour_schema.js
FNF:0
FNH:0
DA:1,1
DA:3,1
DA:26,1
LF:3
LH:3
BRF:0
BRH:0
end_of_record
TN:
SF:/Users/david/code/travel-n-move/travel-n-move-express/errors/HTTPError.js
FN:2,(anonymous_0)
FNF:1
FNH:1
FNDA:6,(anonymous_0)
DA:3,6
DA:5,6
DA:6,6
DA:8,6
DA:9,6
DA:13,1
LF:6
LH:6
BRDA:5,0,0,6
BRDA:5,0,1,0
BRF:2
BRH:1
end_of_record
TN:
SF:/Users/david/code/travel-n-move/travel-n-move-express/middleware/error_handler_middleware.js
FN:3,(anonymous_0)
FN:10,(anonymous_1)
FNF:2
FNH:2
FNDA:8,(anonymous_0)
FNDA:2,(anonymous_1)
DA:1,1
DA:3,1
DA:4,8
DA:5,6
DA:8,2
DA:9,2
DA:10,2
DA:11,2
DA:12,2
DA:14,2
DA:18,2
DA:21,0
LF:12
LH:11
BRDA:4,0,0,6
BRDA:4,0,1,2
BRDA:4,1,0,8
BRDA:4,1,1,8
BRDA:8,2,0,2
BRDA:8,2,1,0
BRF:6
BRH:5
end_of_record
TN:
SF:/Users/david/code/travel-n-move/travel-n-move-express/middleware/validation/tour_validation_middleware.js
FN:3,validateTour
FNF:1
FNH:1
FNDA:3,validateTour
DA:1,1
DA:3,1
DA:4,3
LF:3
LH:3
BRF:0
BRH:0
end_of_record
TN:
SF:/Users/david/code/travel-n-move/travel-n-move-express/routes/index.js
FN:5,(anonymous_0)
FNF:1
FNH:0
FNDA:0,(anonymous_0)
DA:1,1
DA:2,1
DA:3,1
DA:5,1
DA:7,1
DA:9,1
LF:6
LH:6
BRF:0
BRH:0
end_of_record
TN:
SF:/Users/david/code/travel-n-move/travel-n-move-express/routes/tour_routes.js
FNF:0
FNH:0
DA:1,1
DA:2,1
DA:3,1
DA:4,1
DA:6,1
DA:8,1
DA:10,1
DA:12,1
DA:13,1
DA:15,1
DA:17,1
LF:11
LH:11
BRF:0
BRH:0
end_of_record
